<?xml version="1.0" encoding="UTF-8"?>
<testng-results skipped="0" failed="0" ignored="0" total="1" passed="1">
  <reporter-output>
  </reporter-output>
  <suite name="Default suite" duration-ms="21128" started-at="2019-06-11T16:52:26Z" finished-at="2019-06-11T16:52:47Z">
    <groups>
    </groups>
    <test name="Default test" duration-ms="21128" started-at="2019-06-11T16:52:26Z" finished-at="2019-06-11T16:52:47Z">
      <class name="com.matson.accessibility.test.AxsbltyTest">
        <test-method status="PASS" signature="codeSnifferTest()[pri:0, instance:com.matson.accessibility.test.AxsbltyTest@6eebc39e]" name="codeSnifferTest" duration-ms="19423" started-at="2019-06-11T16:52:26Z" finished-at="2019-06-11T16:52:46Z">
          <reporter-output>
          </reporter-output>
        </test-method> <!-- codeSnifferTest -->
        <test-method status="PASS" signature="quitDriverAfterClass()[pri:0, instance:com.matson.accessibility.test.AxsbltyTest@6eebc39e]" name="quitDriverAfterClass" is-config="true" duration-ms="1598" started-at="2019-06-11T16:52:46Z" finished-at="2019-06-11T16:52:47Z">
          <reporter-output>
          </reporter-output>
        </test-method> <!-- quitDriverAfterClass -->
        <test-method status="PASS" signature="quitDriverAfterTest()[pri:0, instance:com.matson.accessibility.test.AxsbltyTest@6eebc39e]" name="quitDriverAfterTest" is-config="true" duration-ms="1" started-at="2019-06-11T16:52:47Z" finished-at="2019-06-11T16:52:47Z">
          <reporter-output>
          </reporter-output>
        </test-method> <!-- quitDriverAfterTest -->
      </class> <!-- com.matson.accessibility.test.AxsbltyTest -->
    </test> <!-- Default test -->
  </suite> <!-- Default suite -->
</testng-results>
