<?xml version="1.0" encoding="UTF-8"?>
<!-- Generated by org.testng.reporters.JUnitXMLReporter -->
<testsuite hostname="PHXV0433" ignored="0" name="MatsonAccessTests" tests="3" failures="0" timestamp="11 Jul 2019 09:01:40 GMT" time="3.234" errors="0">
  <testcase name="validateAxsblty" time="2.468" classname="com.matson.accessibility.test.AxsbltyTest"/>
  <testcase name="validateAxsblty" time="0.0" classname="com.matson.accessibility.test.AxsbltyTest"/>
  <testcase name="validateAxsblty" time="0.001" classname="com.matson.accessibility.test.AxsbltyTest"/>
</testsuite> <!-- MatsonAccessTests -->
