<?xml version="1.0" encoding="UTF-8"?>
<!-- Generated by org.testng.reporters.JUnitXMLReporter -->
<testsuite hostname="PHXV0433" ignored="0" name="Command line test" tests="3" failures="0" timestamp="12 Jul 2019 06:44:09 GMT" time="99.02" errors="0">
  <testcase name="validateAxsblty" time="35.07" classname="com.matson.accessibility.test.AxsbltyTest"/>
  <testcase name="validateAxsblty" time="30.984" classname="com.matson.accessibility.test.AxsbltyTest"/>
  <testcase name="validateAxsblty" time="31.005" classname="com.matson.accessibility.test.AxsbltyTest"/>
</testsuite> <!-- Command line test -->
