<?xml version="1.0" encoding="UTF-8"?>
<!-- Generated by org.testng.reporters.JUnitXMLReporter -->
<testsuite hostname="ENCLTL024" ignored="0" name="Default test" tests="3" failures="0" timestamp="14 Jun 2019 08:32:55 GMT" time="15.345" errors="0">
  <testcase name="validateAxsblty" time="9.164" classname="com.matson.accessibility.test.AxsbltyTest"/>
  <testcase name="validateAxsblty" time="1.877" classname="com.matson.accessibility.test.AxsbltyTest"/>
  <testcase name="validateAxsblty" time="2.254" classname="com.matson.accessibility.test.AxsbltyTest"/>
</testsuite> <!-- Default test -->
