<?xml version="1.0" encoding="UTF-8"?>
<testng-results skipped="0" failed="0" ignored="0" total="1" passed="1">
  <reporter-output>
  </reporter-output>
  <suite name="Command line suite" duration-ms="996839" started-at="2019-06-27T10:30:00Z" finished-at="2019-06-27T10:46:37Z">
    <groups>
    </groups>
    <test name="Command line test" duration-ms="996839" started-at="2019-06-27T10:30:00Z" finished-at="2019-06-27T10:46:37Z">
      <class name="com.matson.accessibility.test.AxsbltyTest">
        <test-method status="PASS" signature="codeSnifferTest()[pri:0, instance:com.matson.accessibility.test.AxsbltyTest@4e04a765]" name="codeSnifferTest" duration-ms="996750" started-at="2019-06-27T10:30:00Z" finished-at="2019-06-27T10:46:37Z">
          <reporter-output>
          </reporter-output>
        </test-method> <!-- codeSnifferTest -->
        <test-method status="PASS" signature="quitDriverAfterClass()[pri:0, instance:com.matson.accessibility.test.AxsbltyTest@4e04a765]" name="quitDriverAfterClass" is-config="true" duration-ms="1" started-at="2019-06-27T10:46:37Z" finished-at="2019-06-27T10:46:37Z">
          <reporter-output>
          </reporter-output>
        </test-method> <!-- quitDriverAfterClass -->
        <test-method status="PASS" signature="quitDriverAfterTest()[pri:0, instance:com.matson.accessibility.test.AxsbltyTest@4e04a765]" name="quitDriverAfterTest" is-config="true" duration-ms="0" started-at="2019-06-27T10:46:37Z" finished-at="2019-06-27T10:46:37Z">
          <reporter-output>
          </reporter-output>
        </test-method> <!-- quitDriverAfterTest -->
      </class> <!-- com.matson.accessibility.test.AxsbltyTest -->
    </test> <!-- Command line test -->
  </suite> <!-- Command line suite -->
</testng-results>
